TN:
SF:C:\Users\ssundar\Documents\GitHub\MedicalApp\app.js
FN:20,(anonymous_0)
FNF:1
FNH:1
FNDA:1,(anonymous_0)
DA:1,1
DA:2,1
DA:3,1
DA:4,1
DA:5,1
DA:6,1
DA:7,1
DA:8,1
DA:9,1
DA:11,1
DA:12,1
DA:14,1
DA:15,1
DA:17,1
DA:18,1
DA:20,1
DA:21,1
DA:24,1
LF:18
LH:18
BRF:0
BRH:0
end_of_record
TN:
SF:C:\Users\ssundar\Documents\GitHub\MedicalApp\config.js
FNF:0
FNH:0
DA:1,1
DA:3,1
DA:4,1
DA:6,1
LF:4
LH:4
BRDA:3,0,0,1
BRDA:3,0,1,1
BRF:2
BRH:2
end_of_record
TN:
SF:C:\Users\ssundar\Documents\GitHub\MedicalApp\Controllers\medappController.js
FN:4,medappConroller
FN:5,getMedicines
FN:13,(anonymous_2)
FN:21,addMedicine
FN:27,(anonymous_4)
FN:38,findMedicine
FN:39,(anonymous_6)
FN:50,replaceMedicine
FN:53,(anonymous_8)
FN:61,updateMedicine
FN:65,(anonymous_10)
FN:68,(anonymous_11)
FN:76,removeMedicine
FN:77,(anonymous_13)
FN:85,getMedicinebyId
FNF:15
FNH:15
FNDA:2,medappConroller
FNDA:2,getMedicines
FNDA:2,(anonymous_2)
FNDA:2,addMedicine
FNDA:1,(anonymous_4)
FNDA:4,findMedicine
FNDA:4,(anonymous_6)
FNDA:1,replaceMedicine
FNDA:1,(anonymous_8)
FNDA:1,updateMedicine
FNDA:2,(anonymous_10)
FNDA:1,(anonymous_11)
FNDA:1,removeMedicine
FNDA:1,(anonymous_13)
FNDA:1,getMedicinebyId
DA:1,1
DA:2,1
DA:4,1
DA:5,2
DA:6,2
DA:7,2
DA:8,0
DA:10,2
DA:11,0
DA:13,2
DA:14,2
DA:15,0
DA:17,2
DA:21,2
DA:22,2
DA:23,1
DA:24,1
DA:26,1
DA:27,1
DA:28,1
DA:29,0
DA:30,0
DA:32,1
DA:33,1
DA:38,2
DA:39,4
DA:40,4
DA:41,0
DA:42,4
DA:43,4
DA:44,4
DA:46,0
DA:50,2
DA:51,1
DA:52,1
DA:53,1
DA:54,1
DA:55,0
DA:57,1
DA:61,2
DA:62,1
DA:63,0
DA:65,1
DA:66,2
DA:68,1
DA:69,1
DA:70,0
DA:72,1
DA:76,2
DA:77,1
DA:78,1
DA:79,0
DA:81,1
DA:85,2
DA:86,1
DA:89,2
DA:100,1
LF:57
LH:46
BRDA:7,0,0,0
BRDA:7,0,1,2
BRDA:10,1,0,0
BRDA:10,1,1,2
BRDA:14,2,0,0
BRDA:14,2,1,2
BRDA:22,3,0,1
BRDA:22,3,1,1
BRDA:28,4,0,0
BRDA:28,4,1,1
BRDA:40,5,0,0
BRDA:40,5,1,4
BRDA:42,6,0,4
BRDA:42,6,1,0
BRDA:54,7,0,0
BRDA:54,7,1,1
BRDA:62,8,0,0
BRDA:62,8,1,1
BRDA:69,9,0,0
BRDA:69,9,1,1
BRDA:78,10,0,0
BRDA:78,10,1,1
BRF:22
BRH:12
end_of_record
TN:
SF:C:\Users\ssundar\Documents\GitHub\MedicalApp\Routes\medapproutes.js
FN:4,medappRouter
FNF:1
FNH:1
FNDA:1,medappRouter
DA:1,1
DA:2,1
DA:4,1
DA:5,1
DA:6,1
DA:7,1
DA:11,1
DA:12,1
DA:17,1
DA:20,1
LF:10
LH:10
BRF:0
BRH:0
end_of_record
TN:
SF:C:\Users\ssundar\Documents\GitHub\MedicalApp\database\index.js
FN:5,dbConnect
FNF:1
FNH:1
FNDA:1,dbConnect
DA:1,1
DA:2,1
DA:5,1
DA:6,1
DA:7,1
DA:9,0
DA:13,1
LF:7
LH:6
BRDA:6,0,0,1
BRDA:6,0,1,0
BRF:2
BRH:1
end_of_record
TN:
SF:C:\Users\ssundar\Documents\GitHub\MedicalApp\models\medappModel.js
FNF:0
FNH:0
DA:1,1
DA:3,1
DA:6,1
DA:12,1
LF:4
LH:4
BRF:0
BRH:0
end_of_record
TN:
SF:C:\Users\ssundar\Documents\GitHub\MedicalApp\tests\medappControllerTests.js
FN:5,(anonymous_0)
FN:6,(anonymous_1)
FN:7,(anonymous_2)
FNF:3
FNH:3
FNDA:1,(anonymous_0)
FNDA:1,(anonymous_1)
FNDA:1,(anonymous_2)
DA:1,1
DA:2,1
DA:3,1
DA:5,1
DA:6,1
DA:7,1
DA:8,1
DA:14,1
DA:20,1
DA:21,1
DA:23,1
DA:24,1
LF:12
LH:12
BRF:0
BRH:0
end_of_record
TN:
SF:C:\Users\ssundar\Documents\GitHub\MedicalApp\tests\medappIntegrationTests.js
FN:9,(anonymous_0)
FN:15,(anonymous_1)
FN:19,(anonymous_2)
FN:24,(anonymous_3)
FN:29,(anonymous_4)
FN:36,(anonymous_5)
FN:47,(anonymous_6)
FN:53,(anonymous_7)
FN:66,(anonymous_8)
FN:73,(anonymous_9)
FN:83,(anonymous_10)
FN:89,(anonymous_11)
FN:99,(anonymous_12)
FN:106,(anonymous_13)
FN:111,(anonymous_14)
FN:113,(anonymous_15)
FN:119,(anonymous_16)
FNF:17
FNH:17
FNDA:1,(anonymous_0)
FNDA:1,(anonymous_1)
FNDA:1,(anonymous_2)
FNDA:1,(anonymous_3)
FNDA:1,(anonymous_4)
FNDA:1,(anonymous_5)
FNDA:1,(anonymous_6)
FNDA:1,(anonymous_7)
FNDA:1,(anonymous_8)
FNDA:1,(anonymous_9)
FNDA:1,(anonymous_10)
FNDA:1,(anonymous_11)
FNDA:1,(anonymous_12)
FNDA:1,(anonymous_13)
FNDA:1,(anonymous_14)
FNDA:1,(anonymous_15)
FNDA:7,(anonymous_16)
DA:1,1
DA:2,1
DA:3,1
DA:4,1
DA:5,1
DA:7,1
DA:9,1
DA:10,1
DA:15,1
DA:16,1
DA:20,1
DA:21,1
DA:24,1
DA:25,1
DA:26,1
DA:27,1
DA:30,1
DA:31,1
DA:32,1
DA:33,1
DA:36,1
DA:37,1
DA:38,1
DA:39,1
DA:43,1
DA:44,1
DA:45,1
DA:48,1
DA:49,1
DA:50,1
DA:53,1
DA:54,1
DA:55,1
DA:56,1
DA:61,1
DA:62,1
DA:64,1
DA:67,1
DA:68,1
DA:69,1
DA:70,1
DA:73,1
DA:74,1
DA:75,1
DA:76,1
DA:80,1
DA:84,1
DA:85,1
DA:86,1
DA:89,1
DA:90,1
DA:91,1
DA:92,1
DA:96,1
DA:101,1
DA:102,1
DA:103,1
DA:106,1
DA:107,1
DA:108,1
DA:109,1
DA:113,1
DA:114,1
DA:115,1
DA:119,1
DA:120,7
DA:121,7
LF:67
LH:67
BRF:0
BRH:0
end_of_record
